# JRE version: OpenJDK Runtime Environment Temurin-17.0.11+9 (17.0.11+9) (build 17.0.11+9)
# Java VM: OpenJDK 64-Bit Server VM Temurin-17.0.11+9 (17.0.11+9, mixed mode, emulated-client, tiered, compressed oops, compressed class ptrs, g1 gc, windows-amd64)
GC Precious Log:
 CPUs: 4 total, 4 available
 Memory: 12286M
 Large Page Support: Disabled
 NUMA Support: Disabled
 Compressed Oops: Enabled (Zero based)
 Heap Region Size: 2M
 Heap Min Capacity: 8M
 Heap Initial Capacity: 192M
 Heap Max Capacity: 3G
 Pre-touch: Disabled
 Parallel Workers: 4
 Concurrent Workers: 1
 Concurrent Refinement Workers: 4
 Periodic GC: Disabled
Heap:
 garbage-first heap   total 120832K, used 70779K [0x0000000740000000, 0x0000000800000000)
  region size 2048K, 20 young (40960K), 3 survivors (6144K)
 Metaspace       used 77659K, committed 78208K, reserved 1179648K
  class space    used 10680K, committed 10944K, reserved 1048576K
GC Heap History (20 events):
Event: 3.192 GC heap before
{Heap before GC invocations=9 (full 0):
 garbage-first heap   total 67584K, used 44865K [0x0000000740000000, 0x0000000800000000)
  region size 2048K, 15 young (30720K), 2 survivors (4096K)
 Metaspace       used 35334K, committed 35712K, reserved 1114112K
  class space    used 4514K, committed 4736K, reserved 1048576K
}
Event: 3.197 GC heap after
{Heap after GC invocations=10 (full 0):
 garbage-first heap   total 67584K, used 19535K [0x0000000740000000, 0x0000000800000000)
  region size 2048K, 2 young (4096K), 2 survivors (4096K)
 Metaspace       used 35334K, committed 35712K, reserved 1114112K
  class space    used 4514K, committed 4736K, reserved 1048576K
}
Event: 3.282 GC heap before
{Heap before GC invocations=10 (full 0):
 garbage-first heap   total 67584K, used 23631K [0x0000000740000000, 0x0000000800000000)
  region size 2048K, 5 young (10240K), 2 survivors (4096K)
 Metaspace       used 35837K, committed 36160K, reserved 1114112K
  class space    used 4601K, committed 4800K, reserved 1048576K
}
Event: 3.289 GC heap after
{Heap after GC invocations=11 (full 0):
 garbage-first heap   total 67584K, used 20144K [0x0000000740000000, 0x0000000800000000)
  region size 2048K, 2 young (4096K), 2 survivors (4096K)
 Metaspace       used 35837K, committed 36160K, reserved 1114112K
  class space    used 4601K, committed 4800K, reserved 1048576K
}
Event: 3.889 GC heap before
{Heap before GC invocations=12 (full 0):
 garbage-first heap   total 67584K, used 48816K [0x0000000740000000, 0x0000000800000000)
  region size 2048K, 16 young (32768K), 2 survivors (4096K)
 Metaspace       used 40440K, committed 40896K, reserved 1114112K
  class space    used 5230K, committed 5440K, reserved 1048576K
}
Event: 3.896 GC heap after
{Heap after GC invocations=13 (full 0):
 garbage-first heap   total 67584K, used 22277K [0x0000000740000000, 0x0000000800000000)
  region size 2048K, 2 young (4096K), 2 survivors (4096K)
 Metaspace       used 40440K, committed 40896K, reserved 1114112K
  class space    used 5230K, committed 5440K, reserved 1048576K
}
Event: 3.926 GC heap before
{Heap before GC invocations=13 (full 0):
 garbage-first heap   total 67584K, used 24325K [0x0000000740000000, 0x0000000800000000)
  region size 2048K, 3 young (6144K), 2 survivors (4096K)
 Metaspace       used 40523K, committed 40960K, reserved 1114112K
  class space    used 5244K, committed 5440K, reserved 1048576K
}
Event: 3.931 GC heap after
{Heap after GC invocations=14 (full 0):
 garbage-first heap   total 120832K, used 22459K [0x0000000740000000, 0x0000000800000000)
  region size 2048K, 1 young (2048K), 1 survivors (2048K)
 Metaspace       used 40523K, committed 40960K, reserved 1114112K
  class space    used 5244K, committed 5440K, reserved 1048576K
}
Event: 4.821 GC heap before
{Heap before GC invocations=14 (full 0):
 garbage-first heap   total 120832K, used 87995K [0x0000000740000000, 0x0000000800000000)
  region size 2048K, 34 young (69632K), 1 survivors (2048K)
 Metaspace       used 45626K, committed 46080K, reserved 1114112K
  class space    used 5924K, committed 6144K, reserved 1048576K
}
Event: 4.831 GC heap after
{Heap after GC invocations=15 (full 0):
 garbage-first heap   total 120832K, used 27648K [0x0000000740000000, 0x0000000800000000)
  region size 2048K, 3 young (6144K), 3 survivors (6144K)
 Metaspace       used 45626K, committed 46080K, reserved 1114112K
  class space    used 5924K, committed 6144K, reserved 1048576K
}
Event: 6.229 GC heap before
{Heap before GC invocations=15 (full 0):
 garbage-first heap   total 120832K, used 82944K [0x0000000740000000, 0x0000000800000000)
  region size 2048K, 30 young (61440K), 3 survivors (6144K)
 Metaspace       used 59395K, committed 59904K, reserved 1114112K
  class space    used 7882K, committed 8128K, reserved 1048576K
}
Event: 6.236 GC heap after
{Heap after GC invocations=16 (full 0):
 garbage-first heap   total 120832K, used 31476K [0x0000000740000000, 0x0000000800000000)
  region size 2048K, 2 young (4096K), 2 survivors (4096K)
 Metaspace       used 59395K, committed 59904K, reserved 1114112K
  class space    used 7882K, committed 8128K, reserved 1048576K
}
Event: 6.327 GC heap before
{Heap before GC invocations=16 (full 0):
 garbage-first heap   total 120832K, used 35572K [0x0000000740000000, 0x0000000800000000)
  region size 2048K, 5 young (10240K), 2 survivors (4096K)
 Metaspace       used 60372K, committed 60800K, reserved 1114112K
  class space    used 8035K, committed 8256K, reserved 1048576K
}
Event: 6.333 GC heap after
{Heap after GC invocations=17 (full 0):
 garbage-first heap   total 120832K, used 31496K [0x0000000740000000, 0x0000000800000000)
  region size 2048K, 2 young (4096K), 2 survivors (4096K)
 Metaspace       used 60372K, committed 60800K, reserved 1114112K
  class space    used 8035K, committed 8256K, reserved 1048576K
}
Event: 7.541 GC heap before
{Heap before GC invocations=18 (full 0):
 garbage-first heap   total 120832K, used 90888K [0x0000000740000000, 0x0000000800000000)
  region size 2048K, 31 young (63488K), 2 survivors (4096K)
 Metaspace       used 72643K, committed 73152K, reserved 1114112K
  class space    used 9893K, committed 10112K, reserved 1048576K
}
Event: 7.549 GC heap after
{Heap after GC invocations=19 (full 0):
 garbage-first heap   total 120832K, used 34505K [0x0000000740000000, 0x0000000800000000)
  region size 2048K, 4 young (8192K), 4 survivors (8192K)
 Metaspace       used 72643K, committed 73152K, reserved 1114112K
  class space    used 9893K, committed 10112K, reserved 1048576K
}
Event: 7.564 GC heap before
{Heap before GC invocations=19 (full 0):
 garbage-first heap   total 120832K, used 34505K [0x0000000740000000, 0x0000000800000000)
  region size 2048K, 5 young (10240K), 4 survivors (8192K)
 Metaspace       used 72728K, committed 73216K, reserved 1114112K
  class space    used 9901K, committed 10112K, reserved 1048576K
}
Event: 7.574 GC heap after
{Heap after GC invocations=20 (full 0):
 garbage-first heap   total 120832K, used 34594K [0x0000000740000000, 0x0000000800000000)
  region size 2048K, 1 young (2048K), 1 survivors (2048K)
 Metaspace       used 72728K, committed 73216K, reserved 1114112K
  class space    used 9901K, committed 10112K, reserved 1048576K
}
Event: 8.374 GC heap before
{Heap before GC invocations=20 (full 0):
 garbage-first heap   total 120832K, used 93986K [0x0000000740000000, 0x0000000800000000)
  region size 2048K, 30 young (61440K), 1 survivors (2048K)
 Metaspace       used 76917K, committed 77504K, reserved 1179648K
  class space    used 10488K, committed 10752K, reserved 1048576K
}
Event: 8.384 GC heap after
{Heap after GC invocations=21 (full 0):
 garbage-first heap   total 120832K, used 38011K [0x0000000740000000, 0x0000000800000000)
  region size 2048K, 3 young (6144K), 3 survivors (6144K)
 Metaspace       used 76917K, committed 77504K, reserved 1179648K
  class space    used 10488K, committed 10752K, reserved 1048576K
}

