# JRE version: OpenJDK Runtime Environment Temurin-17.0.11+9 (17.0.11+9) (build 17.0.11+9)
# Java VM: OpenJDK 64-Bit Server VM Temurin-17.0.11+9 (17.0.11+9, mixed mode, emulated-client, tiered, compressed oops, compressed class ptrs, g1 gc, windows-amd64)
GC Precious Log:
 CPUs: 4 total, 4 available
 Memory: 12286M
 Large Page Support: Disabled
 NUMA Support: Disabled
 Compressed Oops: Enabled (Zero based)
 Heap Region Size: 2M
 Heap Min Capacity: 8M
 Heap Initial Capacity: 192M
 Heap Max Capacity: 3G
 Pre-touch: Disabled
 Parallel Workers: 4
 Concurrent Workers: 1
 Concurrent Refinement Workers: 4
 Periodic GC: Disabled
Heap:
 garbage-first heap   total 55296K, used 15618K [0x0000000740000000, 0x0000000800000000)
  region size 2048K, 3 young (6144K), 2 survivors (4096K)
 Metaspace       used 29746K, committed 30016K, reserved 1114112K
  class space    used 3543K, committed 3648K, reserved 1048576K
GC Heap History (14 events):
Event: 0.986 GC heap before
{Heap before GC invocations=0 (full 0):
 garbage-first heap   total 196608K, used 10240K [0x0000000740000000, 0x0000000800000000)
  region size 2048K, 6 young (12288K), 0 survivors (0K)
 Metaspace       used 7295K, committed 7488K, reserved 1114112K
  class space    used 649K, committed 768K, reserved 1048576K
}
Event: 0.990 GC heap after
{Heap after GC invocations=1 (full 0):
 garbage-first heap   total 196608K, used 7882K [0x0000000740000000, 0x0000000800000000)
  region size 2048K, 1 young (2048K), 1 survivors (2048K)
 Metaspace       used 7295K, committed 7488K, reserved 1114112K
  class space    used 649K, committed 768K, reserved 1048576K
}
Event: 1.577 GC heap before
{Heap before GC invocations=1 (full 0):
 garbage-first heap   total 196608K, used 14026K [0x0000000740000000, 0x0000000800000000)
  region size 2048K, 4 young (8192K), 1 survivors (2048K)
 Metaspace       used 13094K, committed 13312K, reserved 1114112K
  class space    used 1361K, committed 1472K, reserved 1048576K
}
Event: 1.582 GC heap after
{Heap after GC invocations=2 (full 0):
 garbage-first heap   total 196608K, used 8967K [0x0000000740000000, 0x0000000800000000)
  region size 2048K, 1 young (2048K), 1 survivors (2048K)
 Metaspace       used 13094K, committed 13312K, reserved 1114112K
  class space    used 1361K, committed 1472K, reserved 1048576K
}
Event: 2.113 GC heap before
{Heap before GC invocations=2 (full 0):
 garbage-first heap   total 196608K, used 25351K [0x0000000740000000, 0x0000000800000000)
  region size 2048K, 10 young (20480K), 1 survivors (2048K)
 Metaspace       used 16419K, committed 16704K, reserved 1114112K
  class space    used 1771K, committed 1920K, reserved 1048576K
}
Event: 2.117 GC heap after
{Heap after GC invocations=3 (full 0):
 garbage-first heap   total 196608K, used 10023K [0x0000000740000000, 0x0000000800000000)
  region size 2048K, 2 young (4096K), 2 survivors (4096K)
 Metaspace       used 16419K, committed 16704K, reserved 1114112K
  class space    used 1771K, committed 1920K, reserved 1048576K
}
Event: 2.850 GC heap before
{Heap before GC invocations=3 (full 0):
 garbage-first heap   total 196608K, used 32551K [0x0000000740000000, 0x0000000800000000)
  region size 2048K, 14 young (28672K), 2 survivors (4096K)
 Metaspace       used 21256K, committed 21504K, reserved 1114112K
  class space    used 2477K, committed 2624K, reserved 1048576K
}
Event: 2.859 GC heap after
{Heap after GC invocations=4 (full 0):
 garbage-first heap   total 196608K, used 11559K [0x0000000740000000, 0x0000000800000000)
  region size 2048K, 3 young (6144K), 3 survivors (6144K)
 Metaspace       used 21256K, committed 21504K, reserved 1114112K
  class space    used 2477K, committed 2624K, reserved 1048576K
}
Event: 3.258 GC heap before
{Heap before GC invocations=5 (full 0):
 garbage-first heap   total 55296K, used 38183K [0x0000000740000000, 0x0000000800000000)
  region size 2048K, 16 young (32768K), 3 survivors (6144K)
 Metaspace       used 26887K, committed 27264K, reserved 1114112K
  class space    used 3207K, committed 3392K, reserved 1048576K
}
Event: 3.264 GC heap after
{Heap after GC invocations=6 (full 0):
 garbage-first heap   total 55296K, used 13143K [0x0000000740000000, 0x0000000800000000)
  region size 2048K, 2 young (4096K), 2 survivors (4096K)
 Metaspace       used 26887K, committed 27264K, reserved 1114112K
  class space    used 3207K, committed 3392K, reserved 1048576K
}
Event: 3.298 GC heap before
{Heap before GC invocations=6 (full 0):
 garbage-first heap   total 55296K, used 15191K [0x0000000740000000, 0x0000000800000000)
  region size 2048K, 3 young (6144K), 2 survivors (4096K)
 Metaspace       used 27349K, committed 27712K, reserved 1114112K
  class space    used 3269K, committed 3456K, reserved 1048576K
}
Event: 3.305 GC heap after
{Heap after GC invocations=7 (full 0):
 garbage-first heap   total 55296K, used 13299K [0x0000000740000000, 0x0000000800000000)
  region size 2048K, 1 young (2048K), 1 survivors (2048K)
 Metaspace       used 27349K, committed 27712K, reserved 1114112K
  class space    used 3269K, committed 3456K, reserved 1048576K
}
Event: 3.685 GC heap before
{Heap before GC invocations=7 (full 0):
 garbage-first heap   total 55296K, used 31731K [0x0000000740000000, 0x0000000800000000)
  region size 2048K, 11 young (22528K), 1 survivors (2048K)
 Metaspace       used 29720K, committed 30016K, reserved 1114112K
  class space    used 3539K, committed 3648K, reserved 1048576K
}
Event: 3.689 GC heap after
{Heap after GC invocations=8 (full 0):
 garbage-first heap   total 55296K, used 15618K [0x0000000740000000, 0x0000000800000000)
  region size 2048K, 2 young (4096K), 2 survivors (4096K)
 Metaspace       used 29720K, committed 30016K, reserved 1114112K
  class space    used 3539K, committed 3648K, reserved 1048576K
}

